[RMScheduler] INFO: - Il tempo disponibile è: PT20S
[Chunk] INFO: Il chunk 0 del task 1 ha eseguito per PT10S
[Chunk] INFO: Il chunk 1 del task 1 ha eseguito per PT3S
[Chunk] INFO: Il chunk 2 del task 2 ha eseguito per PT5S
[Chunk] INFO: Il chunk 3 del task 2 ha eseguito per PT2S
[RMScheduler] INFO: - Al tempo PT20S il task controllato e resettato: 1
[RMScheduler] INFO: I task nella coda sono: [1, 2, 3]
[RMScheduler] INFO: - Il tempo disponibile è: PT20S
[Chunk] INFO: Il chunk 0 del task 1 ha eseguito per PT10S
[Chunk] INFO: Il chunk 1 del task 1 ha eseguito per PT3S
[Chunk] INFO: Il chunk 4 del task 3 ha eseguito per PT4S
[RMScheduler] INFO: - Al tempo PT40S il task controllato e resettato: 1
[RMScheduler] INFO: I task nella coda sono: [1]
[RMScheduler] INFO: - Il tempo disponibile è: PT10S
[Chunk] INFO: Il chunk 0 del task 1 ha eseguito per PT10S
[RMScheduler] INFO: - Al tempo PT50S il task controllato e resettato: 2
[RMScheduler] INFO: I task nella coda sono: [1, 2]
[RMScheduler] INFO: - Il tempo disponibile è: PT10S
[Chunk] INFO: Il chunk 1 del task 1 ha eseguito per PT3S
[Chunk] INFO: Il chunk 2 del task 2 ha eseguito per PT5S
[Chunk] INFO: Il chunk 3 del task 2 ha eseguito per PT2S
[RMScheduler] INFO: - Al tempo PT1M il task controllato e resettato: 1
[RMScheduler] INFO: I task nella coda sono: [1, 2]
[RMScheduler] INFO: - Il tempo disponibile è: PT20S
[Chunk] INFO: Il chunk 0 del task 1 ha eseguito per PT10S
[Chunk] INFO: Il chunk 1 del task 1 ha eseguito per PT3S
[RMScheduler] INFO: - Al tempo PT1M20S il task controllato e resettato: 1
[RMScheduler] INFO: I task nella coda sono: [1]
[RMScheduler] INFO: - Il tempo disponibile è: PT20S
[Chunk] INFO: Il chunk 0 del task 1 ha eseguito per PT10S
[Chunk] INFO: Il chunk 1 del task 1 ha eseguito per PT3S
[RMScheduler] INFO: - Al tempo PT1M40S il task controllato e resettato: 3
[RMScheduler] INFO: I task nella coda sono: [3]
[RMScheduler] INFO: - Al tempo PT1M40S il task controllato e resettato: 2
[RMScheduler] INFO: I task nella coda sono: [2, 3]
[RMScheduler] INFO: - Al tempo PT1M40S il task controllato e resettato: 1
[RMScheduler] INFO: I task nella coda sono: [1, 2, 3]
[RMScheduler] INFO: La generazione di tracce è avvenuta con successo!
[RMScheduler] INFO: - Il tempo disponibile è: PT20S
[Chunk] INFO: Il chunk 0 del task 4 ha eseguito per PT10S
[Chunk] INFO: Il chunk 1 del task 4 ha eseguito per PT3S
[Chunk] INFO: Il chunk 2 del task 5 ha eseguito per PT5S
[Chunk] INFO: Il chunk 3 del task 5 ha eseguito per PT2S
[RMScheduler] INFO: - Al tempo PT20S il task controllato e resettato: 4
[RMScheduler] INFO: I task nella coda sono: [4, 5, 6]
[RMScheduler] INFO: - Il tempo disponibile è: PT20S
[Chunk] INFO: Il chunk 0 del task 4 ha eseguito per PT10S
[Chunk] INFO: Il chunk 1 del task 4 ha eseguito per PT3S
[Chunk] INFO: Il chunk 3 del task 5 ha eseguito per PT7S
[RMScheduler] INFO: - Al tempo PT40S il task controllato e resettato: 4
[RMScheduler] INFO: I task nella coda sono: [4, 5, 6]
[RMScheduler] INFO: - Il tempo disponibile è: PT10S
[Chunk] INFO: Il chunk 0 del task 4 ha eseguito per PT10S
[RMScheduler] INFO: - Al tempo PT50S il task controllato e resettato: 5
[RMScheduler] INFO: - Il tempo disponibile è: PT20S
[Chunk] INFO: Il chunk 0 del task 7 ha eseguito per PT10S
[Chunk] INFO: Il chunk 1 del task 7 ha eseguito per PT3S
[Chunk] INFO: Il chunk 2 del task 8 ha eseguito per PT5S
[Chunk] INFO: Il chunk 3 del task 8 ha eseguito per PT2S
[RMScheduler] INFO: - Al tempo PT20S il task controllato e resettato: 7
[RMScheduler] INFO: I task nella coda sono: [7, 8, 9]
[RMScheduler] INFO: - Il tempo disponibile è: PT20S
[Chunk] INFO: Il chunk 0 del task 7 ha eseguito per PT10S
[Chunk] INFO: Il chunk 1 del task 7 ha eseguito per PT3S
[Chunk] INFO: Il chunk 4 del task 9 ha eseguito per PT7S
[RMScheduler] INFO: - Al tempo PT40S il task controllato e resettato: 7
[RMScheduler] INFO: I task nella coda sono: [7, 9]
[RMScheduler] INFO: - Il tempo disponibile è: PT10S
[Chunk] INFO: Il chunk 0 del task 7 ha eseguito per PT10S
[RMScheduler] INFO: - Al tempo PT50S il task controllato e resettato: 8
[RMScheduler] INFO: I task nella coda sono: [7, 8, 9]
[RMScheduler] INFO: - Il tempo disponibile è: PT10S
[Chunk] INFO: Il chunk 1 del task 7 ha eseguito per PT3S
[Chunk] INFO: Il chunk 2 del task 8 ha eseguito per PT5S
[Chunk] INFO: Il chunk 3 del task 8 ha eseguito per PT2S
[RMScheduler] INFO: - Al tempo PT1M il task controllato e resettato: 7
[RMScheduler] INFO: I task nella coda sono: [7, 8, 9]
[RMScheduler] INFO: - Il tempo disponibile è: PT20S
[Chunk] INFO: Il chunk 0 del task 7 ha eseguito per PT10S
[Chunk] INFO: Il chunk 1 del task 7 ha eseguito per PT3S
[Chunk] INFO: Il chunk 4 del task 9 ha eseguito per PT7S
[RMScheduler] INFO: - Al tempo PT1M20S il task controllato e resettato: 7
[RMScheduler] INFO: I task nella coda sono: [7, 9]
[RMScheduler] INFO: - Il tempo disponibile è: PT20S
[Chunk] INFO: Il chunk 0 del task 7 ha eseguito per PT10S
[Chunk] INFO: Il chunk 1 del task 7 ha eseguito per PT3S
[Chunk] INFO: Il chunk 4 del task 9 ha eseguito per PT7S
[RMScheduler] INFO: - Al tempo PT1M40S il task controllato e resettato: 7
[RMScheduler] INFO: I task nella coda sono: [7, 9]
[RMScheduler] INFO: - Al tempo PT1M40S il task controllato e resettato: 8
[RMScheduler] INFO: I task nella coda sono: [7, 8, 9]
[RMScheduler] INFO: - Al tempo PT1M40S il task controllato e resettato: 9
[RMScheduler] INFO: - Il tempo disponibile è: PT20S
[Chunk] INFO: Il chunk 0 del task 10 ha eseguito per PT10S
[Chunk] INFO: Il chunk 1 del task 10 ha eseguito per PT10S
[RMScheduler] INFO: - Al tempo PT20S il task controllato e resettato: 10
[RMScheduler] INFO: - Il tempo disponibile è: PT20S
[Chunk] INFO: Il chunk 0 del task 16 ha eseguito per PT1S
[Chunk] INFO: Il chunk 1 del task 16 ha eseguito per PT2S
[Chunk] INFO: Il chunk 2 del task 17 ha eseguito per PT2S
[Chunk] INFO: Il chunk 3 del task 17 ha eseguito per PT1S
[Chunk] INFO: Il chunk 4 del task 17 ha eseguito per PT2S
[Chunk] INFO: Il chunk 5 del task 18 ha eseguito per PT3S
[Chunk] INFO: Il chunk 6 del task 18 ha eseguito per PT1S
[Chunk] INFO: Il chunk 7 del task 18 ha eseguito per PT2S
[RMScheduler] INFO: - Al tempo PT20S il task controllato e resettato: 16
[RMScheduler] INFO: I task nella coda sono: [16]
[RMScheduler] INFO: - Il tempo disponibile è: PT20S
[Chunk] INFO: Il chunk 0 del task 16 ha eseguito per PT1S
[Chunk] INFO: Il chunk 1 del task 16 ha eseguito per PT2S
[RMScheduler] INFO: - Al tempo PT40S il task controllato e resettato: 16
[RMScheduler] INFO: I task nella coda sono: [16]
[RMScheduler] INFO: - Il tempo disponibile è: PT10S
[Chunk] INFO: Il chunk 0 del task 16 ha eseguito per PT1S
[Chunk] INFO: Il chunk 1 del task 16 ha eseguito per PT2S
[RMScheduler] INFO: - Al tempo PT50S il task controllato e resettato: 17
[RMScheduler] INFO: I task nella coda sono: [17]
[RMScheduler] INFO: - Il tempo disponibile è: PT10S
[Chunk] INFO: Il chunk 2 del task 17 ha eseguito per PT2S
[Chunk] INFO: Il chunk 3 del task 17 ha eseguito per PT1S
[Chunk] INFO: Il chunk 4 del task 17 ha eseguito per PT2S
[RMScheduler] INFO: - Al tempo PT1M il task controllato e resettato: 16
[RMScheduler] INFO: I task nella coda sono: [16]
[RMScheduler] INFO: - Il tempo disponibile è: PT20S
[Chunk] INFO: Il chunk 0 del task 16 ha eseguito per PT1S
[Chunk] INFO: Il chunk 1 del task 16 ha eseguito per PT2S
[RMScheduler] INFO: - Al tempo PT1M20S il task controllato e resettato: 16
[RMScheduler] INFO: I task nella coda sono: [16]
[RMScheduler] INFO: - Il tempo disponibile è: PT20S
[Chunk] INFO: Il chunk 0 del task 16 ha eseguito per PT1S
[Chunk] INFO: Il chunk 1 del task 16 ha eseguito per PT2S
[RMScheduler] INFO: - Al tempo PT1M40S il task controllato e resettato: 16
[RMScheduler] INFO: I task nella coda sono: [16]
[RMScheduler] INFO: - Al tempo PT1M40S il task controllato e resettato: 18
[RMScheduler] INFO: I task nella coda sono: [16, 18]
[RMScheduler] INFO: - Al tempo PT1M40S il task controllato e resettato: 17
[RMScheduler] INFO: I task nella coda sono: [16, 17, 18]
[RMScheduler] INFO: La generazione di tracce è avvenuta con successo!
[Chunk] INFO: Il chunk 0 del task 24 ha eseguito per PT4S
[Chunk] INFO: Il chunk 0 del task 24 ha eseguito per PT6S
