- Time: 0. Tutti i task sono stati rilascaiti
- il tempo rimanente è PT20S
- Il chunk 0 del task 0 ha eseguito per PT1S
- il tempo rimanente è PT19S
- Il chunk 1 del task 0 ha acquisito le risorse [0, 1]. La priorità dinamica del task ora è 5
- il tempo rimanente è PT19S
- Il chunk 1 del task 0 ha eseguito per PT2S
- Il chunk 1 del task 0 ha rilasciato le risorse [0, 1]. La priorità dinamica del task ora è 5
- il tempo rimanente è PT17S
- Il chunk 2 del task 1 ha acquisito le risorse [0]. La priorità dinamica del task ora è 7
- il tempo rimanente è PT17S
- Il chunk 2 del task 1 ha eseguito per PT2S
- Il chunk 2 del task 1 ha rilasciato le risorse [0]. La priorità dinamica del task ora è 7
- il tempo rimanente è PT15S
- il tempo rimanente è PT15S
- Il chunk 3 del task 1 ha eseguito per PT1S
- il tempo rimanente è PT14S
- Il chunk 4 del task 1 ha acquisito le risorse [1]. La priorità dinamica del task ora è 7
- il tempo rimanente è PT14S
- Il chunk 4 del task 1 ha eseguito per PT2S
- Il chunk 4 del task 1 ha rilasciato le risorse [1]. La priorità dinamica del task ora è 7
- il tempo rimanente è PT12S
- Il chunk 5 del task 2 ha acquisito le risorse [1]. La priorità dinamica del task ora è 9
- il tempo rimanente è PT12S
- Il chunk 5 del task 2 ha eseguito per PT3S
- Il chunk 5 del task 2 ha rilasciato le risorse [1]. La priorità dinamica del task ora è 9
- il tempo rimanente è PT9S
- il tempo rimanente è PT9S
- Il chunk 6 del task 2 ha eseguito per PT1S
- il tempo rimanente è PT8S
- il tempo rimanente è PT8S
- Il chunk 7 del task 2 ha eseguito per PT2S
- il tempo rimanente è PT6S
- Time: PT20S
- Il task 0 è stato rilasciato
- il tempo rimanente è PT20S
- Il chunk 0 del task 0 ha eseguito per PT1S
- il tempo rimanente è PT19S
- Il chunk 1 del task 0 ha acquisito le risorse [0, 1]. La priorità dinamica del task ora è 5
- il tempo rimanente è PT19S
- Il chunk 1 del task 0 ha eseguito per PT2S
- Il chunk 1 del task 0 ha rilasciato le risorse [0, 1]. La priorità dinamica del task ora è 5
- il tempo rimanente è PT17S
- Time: PT40S
- Il task 0 è stato rilasciato
- il tempo rimanente è PT10S
- Il chunk 0 del task 0 ha eseguito per PT1S
- il tempo rimanente è PT9S
- Il chunk 1 del task 0 ha acquisito le risorse [0, 1]. La priorità dinamica del task ora è 5
- il tempo rimanente è PT9S
- Il chunk 1 del task 0 ha eseguito per PT2S
- Il chunk 1 del task 0 ha rilasciato le risorse [0, 1]. La priorità dinamica del task ora è 5
- il tempo rimanente è PT7S
- Time: PT50S
- Il task 1 è stato rilasciato
- Il chunk 2 del task 1 ha acquisito le risorse [0]. La priorità dinamica del task ora è 7
- il tempo rimanente è PT10S
- Il chunk 2 del task 1 ha eseguito per PT2S
- Il chunk 2 del task 1 ha rilasciato le risorse [0]. La priorità dinamica del task ora è 7
- il tempo rimanente è PT8S
- il tempo rimanente è PT8S
- Il chunk 3 del task 1 ha eseguito per PT1S
- il tempo rimanente è PT7S
- Il chunk 4 del task 1 ha acquisito le risorse [1]. La priorità dinamica del task ora è 7
- il tempo rimanente è PT7S
- Il chunk 4 del task 1 ha eseguito per PT2S
- Il chunk 4 del task 1 ha rilasciato le risorse [1]. La priorità dinamica del task ora è 7
- il tempo rimanente è PT5S
- Time: PT1M
- Il task 0 è stato rilasciato
- il tempo rimanente è PT20S
- Il chunk 0 del task 0 ha eseguito per PT1S
- il tempo rimanente è PT19S
- Il chunk 1 del task 0 ha acquisito le risorse [0, 1]. La priorità dinamica del task ora è 5
- il tempo rimanente è PT19S
- Il chunk 1 del task 0 ha eseguito per PT2S
- Il chunk 1 del task 0 ha rilasciato le risorse [0, 1]. La priorità dinamica del task ora è 5
- il tempo rimanente è PT17S
- Time: PT1M20S
- Il task 0 è stato rilasciato
- il tempo rimanente è PT20S
- Il chunk 0 del task 0 ha eseguito per PT1S
- il tempo rimanente è PT19S
- Il chunk 1 del task 0 ha acquisito le risorse [0, 1]. La priorità dinamica del task ora è 5
- il tempo rimanente è PT19S
- Il chunk 1 del task 0 ha eseguito per PT2S
- Il chunk 1 del task 0 ha rilasciato le risorse [0, 1]. La priorità dinamica del task ora è 5
- il tempo rimanente è PT17S
- Time: PT1M40S
- Il task 2 è stato rilasciato
- Il task 1 è stato rilasciato
- Il task 0 è stato rilasciato
- La generazione di tracce è avvenuta con successo!
